{
  "stats": {
    "suites": 1,
    "tests": 2,
    "passes": 2,
    "pending": 0,
    "failures": 0,
    "start": "2023-07-11T17:02:08.800Z",
    "end": "2023-07-11T17:02:12.224Z",
    "duration": 3424,
    "testsRegistered": 2,
    "passPercent": 100,
    "pendingPercent": 0,
    "other": 0,
    "hasOther": false,
    "skipped": 0,
    "hasSkipped": false
  },
  "results": [
    {
      "uuid": "9ee709d2-3242-4de3-bf06-095d1f7523f9",
      "title": "",
      "fullFile": "cypress/e2e/demo.cy.js",
      "file": "cypress/e2e/demo.cy.js",
      "beforeHooks": [],
      "afterHooks": [],
      "tests": [],
      "suites": [
        {
          "uuid": "f7495be9-dadb-4654-9776-b5e3d67c9660",
          "title": "Smoke tests:",
          "fullFile": "",
          "file": "",
          "beforeHooks": [],
          "afterHooks": [],
          "tests": [
            {
              "title": "Invalid Login",
              "fullTitle": "Smoke tests: Invalid Login",
              "timedOut": null,
              "duration": 1325,
              "state": "passed",
              "speed": "fast",
              "pass": true,
              "fail": false,
              "pending": false,
              "context": null,
              "code": "loginPage.verifyLoginPageIsDisplayed();\ncy.fixture('login.data.json').then(loginData => {\n  loginPage.doLogin(loginData.fakeusername, loginData.fakepassword);\n});\nloginPage.verifyLoginErrorIsVisible();",
              "err": {},
              "uuid": "7f263ca0-0c38-4c77-b771-8ed61327667e",
              "parentUUID": "f7495be9-dadb-4654-9776-b5e3d67c9660",
              "isHook": false,
              "skipped": false
            },
            {
              "title": "Verify valid user should be able to add product and checkout",
              "fullTitle": "Smoke tests: Verify valid user should be able to add product and checkout",
              "timedOut": null,
              "duration": 129,
              "state": "passed",
              "speed": "fast",
              "pass": true,
              "fail": false,
              "pending": false,
              "context": null,
              "code": "//Verify login page\nloginPage.verifyLoginPageIsDisplayed();\n// login with valid credentials\ncy.fixture('login.data.json').then(loginData => {\n  loginPage.doLogin(loginData.username, loginData.password);\n});\n// verify product page after successfull login\nproductPage.verifyProductsPageIsVisible();\ncy.wait(1000);\n// verify add to card functionality\nproductPage.clickOnAddToCardButton();\ncy.wait(2000);\nproductPage.clickOnCartContainer();\n// verify checkout method\ncheckoutPage.clickOnCheckoutButton();\ncy.fixture('checkout.data.json').then(checkoutData => {\n  checkoutPage.fillCheckoutForm(checkoutData.firstname, checkoutData.lastname, checkoutData.postalcode);\n});\n// Verify finish order\ncheckoutPage.verifyPurchasedProductIsVisible();\ncheckoutPage.clickOnFinishButton();\ncheckoutPage.verifyCompleteOrderText();\ncheckoutPage.clickOnBackHomeButton();\n// Verify logout functionality\nlogoutPage.clickOnMenuButton();\nlogoutPage.clickOnLogoutButton();\n//Verify login page\nloginPage.verifyLoginPageIsDisplayed();",
              "err": {},
              "uuid": "406569dc-f5cd-4595-94ec-94bb82f30287",
              "parentUUID": "f7495be9-dadb-4654-9776-b5e3d67c9660",
              "isHook": false,
              "skipped": false
            }
          ],
          "suites": [],
          "passes": [
            "7f263ca0-0c38-4c77-b771-8ed61327667e",
            "406569dc-f5cd-4595-94ec-94bb82f30287"
          ],
          "failures": [],
          "pending": [],
          "skipped": [],
          "duration": 1454,
          "root": false,
          "rootEmpty": false,
          "_timeout": 2000
        }
      ],
      "passes": [],
      "failures": [],
      "pending": [],
      "skipped": [],
      "duration": 0,
      "root": true,
      "rootEmpty": true,
      "_timeout": 2000
    }
  ],
  "meta": {
    "mocha": {
      "version": "7.0.1"
    },
    "mochawesome": {
      "options": {
        "quiet": false,
        "reportFilename": "mochawesome",
        "saveHtml": true,
        "saveJson": true,
        "consoleReporter": "spec",
        "useInlineDiffs": false,
        "code": true
      },
      "version": "7.1.3"
    },
    "marge": {
      "options": {
        "reportDir": "cypress/reports",
        "overwrite": false,
        "html": true,
        "json": true
      },
      "version": "6.2.0"
    }
  }
}