{
  "stats": {
    "suites": 1,
    "tests": 2,
    "passes": 2,
    "pending": 0,
    "failures": 0,
    "start": "2023-08-18T06:03:11.302Z",
    "end": "2023-08-18T06:03:15.077Z",
    "duration": 3775,
    "testsRegistered": 2,
    "passPercent": 100,
    "pendingPercent": 0,
    "other": 0,
    "hasOther": false,
    "skipped": 0,
    "hasSkipped": false
  },
  "results": [
    {
      "uuid": "d918800d-c835-4906-bb13-266a21fa8afc",
      "title": "",
      "fullFile": "cypress/e2e/demo.cy.js",
      "file": "cypress/e2e/demo.cy.js",
      "beforeHooks": [],
      "afterHooks": [],
      "tests": [],
      "suites": [
        {
          "uuid": "b07bef8f-07f5-4e46-8af1-e8bb2a106e3a",
          "title": "Smoke tests:",
          "fullFile": "",
          "file": "",
          "beforeHooks": [],
          "afterHooks": [],
          "tests": [
            {
              "title": "Invalid Login",
              "fullTitle": "Smoke tests: Invalid Login",
              "timedOut": null,
              "duration": 1532,
              "state": "passed",
              "speed": "fast",
              "pass": true,
              "fail": false,
              "pending": false,
              "context": null,
              "code": "loginPage.verifyLoginPageIsDisplayed();\ncy.fixture('login.data.json').then(loginData => {\n  loginPage.doLogin(loginData.fakeusername, loginData.fakepassword);\n});\nloginPage.verifyLoginErrorIsVisible();",
              "err": {},
              "uuid": "5fa164f1-0883-429f-9a3d-f7485e17cce2",
              "parentUUID": "b07bef8f-07f5-4e46-8af1-e8bb2a106e3a",
              "isHook": false,
              "skipped": false
            },
            {
              "title": "Verify valid user should be able to add product and checkout",
              "fullTitle": "Smoke tests: Verify valid user should be able to add product and checkout",
              "timedOut": null,
              "duration": 235,
              "state": "passed",
              "speed": "fast",
              "pass": true,
              "fail": false,
              "pending": false,
              "context": null,
              "code": "//Verify login page\nloginPage.verifyLoginPageIsDisplayed();\n// login with valid credentials\ncy.fixture('login.data.json').then(loginData => {\n  loginPage.doLogin(loginData.username, loginData.password);\n});\n// verify product page after successfull login\nproductPage.verifyProductsPageIsVisible();\ncy.wait(1000);\n// verify add to card functionality\nproductPage.clickOnAddToCardButton();\ncy.wait(2000);\nproductPage.clickOnCartContainer();\n// verify checkout method\ncheckoutPage.clickOnCheckoutButton();\ncy.fixture('checkout.data.json').then(checkoutData => {\n  checkoutPage.fillCheckoutForm(checkoutData.firstname, checkoutData.lastname, checkoutData.postalcode);\n});\n// Verify finish order\ncheckoutPage.verifyPurchasedProductIsVisible();\ncheckoutPage.clickOnFinishButton();\ncheckoutPage.verifyCompleteOrderText();\ncheckoutPage.clickOnBackHomeButton();\n// Verify logout functionality\nlogoutPage.clickOnMenuButton();\nlogoutPage.clickOnLogoutButton();\n//Verify login page\nloginPage.verifyLoginPageIsDisplayed();",
              "err": {},
              "uuid": "8f38bd30-73e4-4683-a256-3a663e2fa019",
              "parentUUID": "b07bef8f-07f5-4e46-8af1-e8bb2a106e3a",
              "isHook": false,
              "skipped": false
            }
          ],
          "suites": [],
          "passes": [
            "5fa164f1-0883-429f-9a3d-f7485e17cce2",
            "8f38bd30-73e4-4683-a256-3a663e2fa019"
          ],
          "failures": [],
          "pending": [],
          "skipped": [],
          "duration": 1767,
          "root": false,
          "rootEmpty": false,
          "_timeout": 2000
        }
      ],
      "passes": [],
      "failures": [],
      "pending": [],
      "skipped": [],
      "duration": 0,
      "root": true,
      "rootEmpty": true,
      "_timeout": 2000
    }
  ],
  "meta": {
    "mocha": {
      "version": "7.0.1"
    },
    "mochawesome": {
      "options": {
        "quiet": false,
        "reportFilename": "mochawesome",
        "saveHtml": true,
        "saveJson": true,
        "consoleReporter": "spec",
        "useInlineDiffs": false,
        "code": true
      },
      "version": "7.1.3"
    },
    "marge": {
      "options": {
        "reportDir": "cypress/reports",
        "overwrite": false,
        "html": true,
        "json": true
      },
      "version": "6.2.0"
    }
  }
}